[0m17:11:53.131333 [debug] [MainThread]: Sending event: {'category': 'dbt', 'action': 'invocation', 'label': 'start', 'context': [<snowplow_tracker.self_describing_json.SelfDescribingJson object at 0x000001E7CF01F290>, <snowplow_tracker.self_describing_json.SelfDescribingJson object at 0x000001E7C97E8750>, <snowplow_tracker.self_describing_json.SelfDescribingJson object at 0x000001E7CEED6590>]}


============================== 17:11:53.138649 | 9a4fa0b2-de1b-41a6-9eef-6e342cf6987c ==============================
[0m17:11:53.138649 [info ] [MainThread]: Running with dbt=1.6.3
[0m17:11:53.141113 [debug] [MainThread]: running dbt with arguments {'printer_width': '80', 'indirect_selection': 'eager', 'log_cache_events': 'False', 'write_json': 'True', 'partial_parse': 'True', 'cache_selected_only': 'False', 'warn_error': 'None', 'debug': 'False', 'profiles_dir': 'C:\\Users\\Julia Solis\\.dbt', 'log_path': 'logs', 'fail_fast': 'False', 'version_check': 'True', 'use_colors': 'True', 'use_experimental_parser': 'False', 'no_print': 'None', 'quiet': 'False', 'log_format': 'default', 'static_parser': 'True', 'warn_error_options': 'WarnErrorOptions(include=[], exclude=[])', 'introspect': 'True', 'target_path': 'None', 'invocation_command': 'dbt init learn-dbt', 'send_anonymous_usage_stats': 'True'}
[0m17:11:53.143318 [warn ] [MainThread]: [ConfigFolderDirectory]: Unable to parse dict {'dir': WindowsPath('C:/Users/Julia Solis/.dbt')}
[0m17:11:53.145992 [info ] [MainThread]: Creating dbt configuration folder at 
[0m17:15:44.508453 [debug] [MainThread]: Starter project path: C:\Users\Julia Solis\AppData\Local\Programs\Python\Python311\Lib\site-packages\dbt\include\starter_project
[0m17:15:44.527116 [info ] [MainThread]: 
Your new dbt project "learn_dbt" was created!

For more information on how to configure the profiles.yml file,
please consult the dbt documentation here:

  https://docs.getdbt.com/docs/configure-your-profile

One more thing:

Need help? Don't hesitate to reach out to us via GitHub issues or on Slack:

  https://community.getdbt.com/

Happy modeling!

[0m17:15:44.536862 [info ] [MainThread]: Setting up your profile.
[0m17:15:44.539927 [error] [MainThread]: Encountered an error:
Runtime Error
  No adapters available. Learn how to install an adapter by going to https://docs.getdbt.com/docs/connect-adapters#install-using-the-cli
[0m17:15:44.543812 [debug] [MainThread]: Command `dbt init` failed at 17:15:44.543812 after 231.44 seconds
[0m17:15:44.544811 [debug] [MainThread]: Sending event: {'category': 'dbt', 'action': 'invocation', 'label': 'end', 'context': [<snowplow_tracker.self_describing_json.SelfDescribingJson object at 0x000001E7CEBBD850>, <snowplow_tracker.self_describing_json.SelfDescribingJson object at 0x000001E7CE452F50>, <snowplow_tracker.self_describing_json.SelfDescribingJson object at 0x000001E7CE71D110>]}
[0m17:15:44.544811 [debug] [MainThread]: Flushing usage events
